{
  "RSpec": {
    "coverage": {
      "/Users/laurengolden/turing_work/3mod/challenges/food-finder/app/helpers/application_helper.rb": {
        "lines": [
          1,
          null
        ]
      },
      "/Users/laurengolden/turing_work/3mod/challenges/food-finder/app/facades/food_facade.rb": {
        "lines": [
          1,
          1,
          1,
          1,
          1,
          50,
          null,
          null,
          null,
          1,
          1,
          1,
          1,
          50,
          null,
          null,
          null
        ]
      },
      "/Users/laurengolden/turing_work/3mod/challenges/food-finder/app/poros/food.rb": {
        "lines": [
          1,
          1,
          null,
          null,
          null,
          null,
          1,
          101,
          101,
          101,
          101,
          null,
          null
        ]
      },
      "/Users/laurengolden/turing_work/3mod/challenges/food-finder/app/services/food_service.rb": {
        "lines": [
          1,
          1,
          3,
          3,
          null,
          null,
          null,
          1,
          3,
          3,
          null,
          null,
          1,
          3,
          null,
          null
        ]
      },
      "/Users/laurengolden/turing_work/3mod/challenges/food-finder/app/controllers/welcome_controller.rb": {
        "lines": [
          1,
          1,
          null,
          null
        ]
      },
      "/Users/laurengolden/turing_work/3mod/challenges/food-finder/app/controllers/application_controller.rb": {
        "lines": [
          1,
          null
        ]
      },
      "/Users/laurengolden/turing_work/3mod/challenges/food-finder/app/controllers/foods_controller.rb": {
        "lines": [
          1,
          1,
          1,
          null,
          null
        ]
      },
      "/Users/laurengolden/turing_work/3mod/challenges/food-finder/app/channels/application_cable/channel.rb": {
        "lines": [
          0,
          0,
          0,
          0
        ],
        "branches": {
        }
      },
      "/Users/laurengolden/turing_work/3mod/challenges/food-finder/app/channels/application_cable/connection.rb": {
        "lines": [
          0,
          0,
          0,
          0
        ],
        "branches": {
        }
      },
      "/Users/laurengolden/turing_work/3mod/challenges/food-finder/app/jobs/application_job.rb": {
        "lines": [
          0,
          null,
          null,
          null,
          null,
          null,
          0
        ],
        "branches": {
        }
      },
      "/Users/laurengolden/turing_work/3mod/challenges/food-finder/app/mailers/application_mailer.rb": {
        "lines": [
          0,
          0,
          0,
          0
        ],
        "branches": {
        }
      },
      "/Users/laurengolden/turing_work/3mod/challenges/food-finder/app/models/application_record.rb": {
        "lines": [
          0,
          0,
          0
        ],
        "branches": {
        }
      }
    },
    "timestamp": 1689958939
  }
}
